Defaulting to user installation because normal site-packages is not writeable
Requirement already satisfied: pip in /cluster/home/rschoenholze/.local/lib/python3.11/site-packages (24.3.1)
Defaulting to user installation because normal site-packages is not writeable
Requirement already satisfied: numpy in /cluster/home/rschoenholze/.local/lib/python3.11/site-packages (2.2.0)
Requirement already satisfied: scipy in /cluster/home/rschoenholze/.local/lib/python3.11/site-packages (1.14.1)
Requirement already satisfied: matplotlib in /cluster/home/rschoenholze/.local/lib/python3.11/site-packages (3.10.0)
Requirement already satisfied: ipyparallel in /cluster/home/rschoenholze/.local/lib/python3.11/site-packages (9.0.0)
Requirement already satisfied: scikit-build in /cluster/home/rschoenholze/.local/lib/python3.11/site-packages (0.18.1)
Requirement already satisfied: contourpy>=1.0.1 in /cluster/software/stacks/2024-06/spack/opt/spack/linux-ubuntu22.04-x86_64_v3/gcc-12.2.0/python-3.11.6-ukhwpjnwzzzizek3pgr75zkbhxros5fq/lib/python3.11/site-packages (from matplotlib) (1.2.1)
Requirement already satisfied: cycler>=0.10 in /cluster/software/stacks/2024-06/spack/opt/spack/linux-ubuntu22.04-x86_64_v3/gcc-12.2.0/python-3.11.6-ukhwpjnwzzzizek3pgr75zkbhxros5fq/lib/python3.11/site-packages (from matplotlib) (0.12.1)
Requirement already satisfied: fonttools>=4.22.0 in /cluster/software/stacks/2024-06/spack/opt/spack/linux-ubuntu22.04-x86_64_v3/gcc-12.2.0/python-3.11.6-ukhwpjnwzzzizek3pgr75zkbhxros5fq/lib/python3.11/site-packages (from matplotlib) (4.53.0)
Requirement already satisfied: kiwisolver>=1.3.1 in /cluster/software/stacks/2024-06/spack/opt/spack/linux-ubuntu22.04-x86_64_v3/gcc-12.2.0/python-3.11.6-ukhwpjnwzzzizek3pgr75zkbhxros5fq/lib/python3.11/site-packages (from matplotlib) (1.4.5)
Requirement already satisfied: packaging>=20.0 in /cluster/software/stacks/2024-06/spack/opt/spack/linux-ubuntu22.04-x86_64_v3/gcc-12.2.0/python-3.11.6-ukhwpjnwzzzizek3pgr75zkbhxros5fq/lib/python3.11/site-packages (from matplotlib) (24.1)
Requirement already satisfied: pillow>=8 in /cluster/software/stacks/2024-06/spack/opt/spack/linux-ubuntu22.04-x86_64_v3/gcc-12.2.0/python-3.11.6-ukhwpjnwzzzizek3pgr75zkbhxros5fq/lib/python3.11/site-packages (from matplotlib) (10.3.0)
Requirement already satisfied: pyparsing>=2.3.1 in /cluster/software/stacks/2024-06/spack/opt/spack/linux-ubuntu22.04-x86_64_v3/gcc-12.2.0/python-3.11.6-ukhwpjnwzzzizek3pgr75zkbhxros5fq/lib/python3.11/site-packages (from matplotlib) (3.1.2)
Requirement already satisfied: python-dateutil>=2.7 in /cluster/software/stacks/2024-06/spack/opt/spack/linux-ubuntu22.04-x86_64_v3/gcc-12.2.0/python-3.11.6-ukhwpjnwzzzizek3pgr75zkbhxros5fq/lib/python3.11/site-packages (from matplotlib) (2.9.0.post0)
Requirement already satisfied: decorator in /cluster/software/stacks/2024-06/spack/opt/spack/linux-ubuntu22.04-x86_64_v3/gcc-12.2.0/python-3.11.6-ukhwpjnwzzzizek3pgr75zkbhxros5fq/lib/python3.11/site-packages (from ipyparallel) (5.1.1)
Requirement already satisfied: ipykernel>=6.9.1 in /cluster/software/stacks/2024-06/spack/opt/spack/linux-ubuntu22.04-x86_64_v3/gcc-12.2.0/python-3.11.6-ukhwpjnwzzzizek3pgr75zkbhxros5fq/lib/python3.11/site-packages (from ipyparallel) (6.29.4)
Requirement already satisfied: ipython>=5 in /cluster/software/stacks/2024-06/spack/opt/spack/linux-ubuntu22.04-x86_64_v3/gcc-12.2.0/python-3.11.6-ukhwpjnwzzzizek3pgr75zkbhxros5fq/lib/python3.11/site-packages (from ipyparallel) (8.25.0)
Requirement already satisfied: jupyter-client>=7 in /cluster/software/stacks/2024-06/spack/opt/spack/linux-ubuntu22.04-x86_64_v3/gcc-12.2.0/python-3.11.6-ukhwpjnwzzzizek3pgr75zkbhxros5fq/lib/python3.11/site-packages (from ipyparallel) (7.4.9)
Requirement already satisfied: psutil in /cluster/software/stacks/2024-06/spack/opt/spack/linux-ubuntu22.04-x86_64_v3/gcc-12.2.0/python-3.11.6-ukhwpjnwzzzizek3pgr75zkbhxros5fq/lib/python3.11/site-packages (from ipyparallel) (6.0.0)
Requirement already satisfied: pyzmq>=25 in /cluster/software/stacks/2024-06/spack/opt/spack/linux-ubuntu22.04-x86_64_v3/gcc-12.2.0/python-3.11.6-ukhwpjnwzzzizek3pgr75zkbhxros5fq/lib/python3.11/site-packages (from ipyparallel) (26.0.3)
Requirement already satisfied: tornado>=6.1 in /cluster/software/stacks/2024-06/spack/opt/spack/linux-ubuntu22.04-x86_64_v3/gcc-12.2.0/python-3.11.6-ukhwpjnwzzzizek3pgr75zkbhxros5fq/lib/python3.11/site-packages (from ipyparallel) (6.4.1)
Requirement already satisfied: tqdm in /cluster/software/stacks/2024-06/spack/opt/spack/linux-ubuntu22.04-x86_64_v3/gcc-12.2.0/python-3.11.6-ukhwpjnwzzzizek3pgr75zkbhxros5fq/lib/python3.11/site-packages (from ipyparallel) (4.66.4)
Requirement already satisfied: traitlets>=5 in /cluster/software/stacks/2024-06/spack/opt/spack/linux-ubuntu22.04-x86_64_v3/gcc-12.2.0/python-3.11.6-ukhwpjnwzzzizek3pgr75zkbhxros5fq/lib/python3.11/site-packages (from ipyparallel) (5.14.3)
Requirement already satisfied: distro in /cluster/home/rschoenholze/.local/lib/python3.11/site-packages (from scikit-build) (1.9.0)
Requirement already satisfied: setuptools>=42.0.0 in /cluster/software/stacks/2024-06/spack/opt/spack/linux-ubuntu22.04-x86_64_v3/gcc-12.2.0/python-3.11.6-ukhwpjnwzzzizek3pgr75zkbhxros5fq/lib/python3.11/site-packages (from scikit-build) (65.5.0)
Requirement already satisfied: wheel>=0.32.0 in /cluster/software/stacks/2024-06/spack/opt/spack/linux-ubuntu22.04-x86_64_v3/gcc-12.2.0/python-3.11.6-ukhwpjnwzzzizek3pgr75zkbhxros5fq/lib/python3.11/site-packages (from scikit-build) (0.43.0)
Requirement already satisfied: comm>=0.1.1 in /cluster/software/stacks/2024-06/spack/opt/spack/linux-ubuntu22.04-x86_64_v3/gcc-12.2.0/python-3.11.6-ukhwpjnwzzzizek3pgr75zkbhxros5fq/lib/python3.11/site-packages (from ipykernel>=6.9.1->ipyparallel) (0.2.2)
Requirement already satisfied: debugpy>=1.6.5 in /cluster/software/stacks/2024-06/spack/opt/spack/linux-ubuntu22.04-x86_64_v3/gcc-12.2.0/python-3.11.6-ukhwpjnwzzzizek3pgr75zkbhxros5fq/lib/python3.11/site-packages (from ipykernel>=6.9.1->ipyparallel) (1.8.1)
Requirement already satisfied: jupyter-core!=5.0.*,>=4.12 in /cluster/software/stacks/2024-06/spack/opt/spack/linux-ubuntu22.04-x86_64_v3/gcc-12.2.0/python-3.11.6-ukhwpjnwzzzizek3pgr75zkbhxros5fq/lib/python3.11/site-packages (from ipykernel>=6.9.1->ipyparallel) (5.7.2)
Requirement already satisfied: matplotlib-inline>=0.1 in /cluster/software/stacks/2024-06/spack/opt/spack/linux-ubuntu22.04-x86_64_v3/gcc-12.2.0/python-3.11.6-ukhwpjnwzzzizek3pgr75zkbhxros5fq/lib/python3.11/site-packages (from ipykernel>=6.9.1->ipyparallel) (0.1.7)
Requirement already satisfied: nest-asyncio in /cluster/software/stacks/2024-06/spack/opt/spack/linux-ubuntu22.04-x86_64_v3/gcc-12.2.0/python-3.11.6-ukhwpjnwzzzizek3pgr75zkbhxros5fq/lib/python3.11/site-packages (from ipykernel>=6.9.1->ipyparallel) (1.6.0)
Requirement already satisfied: jedi>=0.16 in /cluster/software/stacks/2024-06/spack/opt/spack/linux-ubuntu22.04-x86_64_v3/gcc-12.2.0/python-3.11.6-ukhwpjnwzzzizek3pgr75zkbhxros5fq/lib/python3.11/site-packages (from ipython>=5->ipyparallel) (0.19.1)
Requirement already satisfied: prompt-toolkit<3.1.0,>=3.0.41 in /cluster/software/stacks/2024-06/spack/opt/spack/linux-ubuntu22.04-x86_64_v3/gcc-12.2.0/python-3.11.6-ukhwpjnwzzzizek3pgr75zkbhxros5fq/lib/python3.11/site-packages (from ipython>=5->ipyparallel) (3.0.47)
Requirement already satisfied: pygments>=2.4.0 in /cluster/software/stacks/2024-06/spack/opt/spack/linux-ubuntu22.04-x86_64_v3/gcc-12.2.0/python-3.11.6-ukhwpjnwzzzizek3pgr75zkbhxros5fq/lib/python3.11/site-packages (from ipython>=5->ipyparallel) (2.18.0)
Requirement already satisfied: stack-data in /cluster/software/stacks/2024-06/spack/opt/spack/linux-ubuntu22.04-x86_64_v3/gcc-12.2.0/python-3.11.6-ukhwpjnwzzzizek3pgr75zkbhxros5fq/lib/python3.11/site-packages (from ipython>=5->ipyparallel) (0.6.3)
Requirement already satisfied: typing-extensions>=4.6 in /cluster/software/stacks/2024-06/spack/opt/spack/linux-ubuntu22.04-x86_64_v3/gcc-12.2.0/python-3.11.6-ukhwpjnwzzzizek3pgr75zkbhxros5fq/lib/python3.11/site-packages (from ipython>=5->ipyparallel) (4.12.2)
Requirement already satisfied: pexpect>4.3 in /cluster/software/stacks/2024-06/spack/opt/spack/linux-ubuntu22.04-x86_64_v3/gcc-12.2.0/python-3.11.6-ukhwpjnwzzzizek3pgr75zkbhxros5fq/lib/python3.11/site-packages (from ipython>=5->ipyparallel) (4.9.0)
Requirement already satisfied: entrypoints in /cluster/software/stacks/2024-06/spack/opt/spack/linux-ubuntu22.04-x86_64_v3/gcc-12.2.0/python-3.11.6-ukhwpjnwzzzizek3pgr75zkbhxros5fq/lib/python3.11/site-packages (from jupyter-client>=7->ipyparallel) (0.4)
Requirement already satisfied: six>=1.5 in /cluster/software/stacks/2024-06/spack/opt/spack/linux-ubuntu22.04-x86_64_v3/gcc-12.2.0/python-3.11.6-ukhwpjnwzzzizek3pgr75zkbhxros5fq/lib/python3.11/site-packages (from python-dateutil>=2.7->matplotlib) (1.16.0)
Requirement already satisfied: parso<0.9.0,>=0.8.3 in /cluster/software/stacks/2024-06/spack/opt/spack/linux-ubuntu22.04-x86_64_v3/gcc-12.2.0/python-3.11.6-ukhwpjnwzzzizek3pgr75zkbhxros5fq/lib/python3.11/site-packages (from jedi>=0.16->ipython>=5->ipyparallel) (0.8.4)
Requirement already satisfied: platformdirs>=2.5 in /cluster/software/stacks/2024-06/spack/opt/spack/linux-ubuntu22.04-x86_64_v3/gcc-12.2.0/python-3.11.6-ukhwpjnwzzzizek3pgr75zkbhxros5fq/lib/python3.11/site-packages (from jupyter-core!=5.0.*,>=4.12->ipykernel>=6.9.1->ipyparallel) (4.2.2)
Requirement already satisfied: ptyprocess>=0.5 in /cluster/software/stacks/2024-06/spack/opt/spack/linux-ubuntu22.04-x86_64_v3/gcc-12.2.0/python-3.11.6-ukhwpjnwzzzizek3pgr75zkbhxros5fq/lib/python3.11/site-packages (from pexpect>4.3->ipython>=5->ipyparallel) (0.7.0)
Requirement already satisfied: wcwidth in /cluster/software/stacks/2024-06/spack/opt/spack/linux-ubuntu22.04-x86_64_v3/gcc-12.2.0/python-3.11.6-ukhwpjnwzzzizek3pgr75zkbhxros5fq/lib/python3.11/site-packages (from prompt-toolkit<3.1.0,>=3.0.41->ipython>=5->ipyparallel) (0.2.13)
Requirement already satisfied: executing>=1.2.0 in /cluster/software/stacks/2024-06/spack/opt/spack/linux-ubuntu22.04-x86_64_v3/gcc-12.2.0/python-3.11.6-ukhwpjnwzzzizek3pgr75zkbhxros5fq/lib/python3.11/site-packages (from stack-data->ipython>=5->ipyparallel) (2.0.1)
Requirement already satisfied: asttokens>=2.1.0 in /cluster/software/stacks/2024-06/spack/opt/spack/linux-ubuntu22.04-x86_64_v3/gcc-12.2.0/python-3.11.6-ukhwpjnwzzzizek3pgr75zkbhxros5fq/lib/python3.11/site-packages (from stack-data->ipython>=5->ipyparallel) (2.4.1)
Requirement already satisfied: pure-eval in /cluster/software/stacks/2024-06/spack/opt/spack/linux-ubuntu22.04-x86_64_v3/gcc-12.2.0/python-3.11.6-ukhwpjnwzzzizek3pgr75zkbhxros5fq/lib/python3.11/site-packages (from stack-data->ipython>=5->ipyparallel) (0.2.2)
Defaulting to user installation because normal site-packages is not writeable
Requirement already satisfied: ngsolve in /cluster/home/rschoenholze/.local/lib/python3.11/site-packages (6.2.2406)
Requirement already satisfied: netgen-mesher==6.2.2406 in /cluster/home/rschoenholze/.local/lib/python3.11/site-packages (from ngsolve) (6.2.2406)
Requirement already satisfied: mkl in /cluster/home/rschoenholze/.local/lib/python3.11/site-packages (from ngsolve) (2025.0.1)
Requirement already satisfied: netgen-occt==7.8.1 in /cluster/home/rschoenholze/.local/lib/python3.11/site-packages (from netgen-mesher==6.2.2406->ngsolve) (7.8.1)
Requirement already satisfied: intel-openmp>=2024 in /cluster/home/rschoenholze/.local/lib/python3.11/site-packages (from mkl->ngsolve) (2025.0.4)
Requirement already satisfied: tbb==2022.* in /cluster/home/rschoenholze/.local/lib/python3.11/site-packages (from mkl->ngsolve) (2022.0.0)
Requirement already satisfied: tcmlib==1.* in /cluster/home/rschoenholze/.local/lib/python3.11/site-packages (from tbb==2022.*->mkl->ngsolve) (1.2.0)
Requirement already satisfied: intel-cmplr-lib-ur==2025.0.4 in /cluster/home/rschoenholze/.local/lib/python3.11/site-packages (from intel-openmp>=2024->mkl->ngsolve) (2025.0.4)
Requirement already satisfied: umf==0.9.* in /cluster/home/rschoenholze/.local/lib/python3.11/site-packages (from intel-cmplr-lib-ur==2025.0.4->intel-openmp>=2024->mkl->ngsolve) (0.9.1)
=================== d=3, l=0 =======================
[1.     0.5    0.25   0.125  0.0625]
polynomal order of low order space: 1 , polynomal order of high order space: 2
h= 1.0
actual meshwidth range 0.999999999999998 0.999999999999998 

# DoFs of low order space: 4 , # DoFs of high order space: 9
[1.30343261]


h= 0.5
actual meshwidth range 0.43263752121901616 0.5600419876667321 

# DoFs of low order space: 9 , # DoFs of high order space: 25
[1.59664938]


h= 0.25
actual meshwidth range 0.18543008709714526 0.30673639895775445 

# DoFs of low order space: 26 , # DoFs of high order space: 85
[1.53717751]


h= 0.125
actual meshwidth range 0.0851139651875047 0.15162262780765884 

# DoFs of low order space: 89 , # DoFs of high order space: 321
[1.49210264]


h= 0.0625
actual meshwidth range 0.04292982337891498 0.07505797015948051 

# DoFs of low order space: 338 , # DoFs of high order space: 1285
[1.48069899]


polynomal order of low order space: 1 , polynomal order of high order space: 3
h= 1.0
actual meshwidth range 0.999999999999998 0.999999999999998 

# DoFs of low order space: 4 , # DoFs of high order space: 16
[1.47509544]


h= 0.5
actual meshwidth range 0.43263752121901616 0.5600419876667321 

# DoFs of low order space: 9 , # DoFs of high order space: 49
[1.6787361]


h= 0.25
actual meshwidth range 0.18543008709714526 0.30673639895775445 

# DoFs of low order space: 26 , # DoFs of high order space: 178
[1.65258652]


h= 0.125
actual meshwidth range 0.0851139651875047 0.15162262780765884 

# DoFs of low order space: 89 , # DoFs of high order space: 697
[1.62523093]


h= 0.0625
actual meshwidth range 0.04292982337891498 0.07505797015948051 

# DoFs of low order space: 338 , # DoFs of high order space: 2842
[1.61244172]


polynomal order of low order space: 1 , polynomal order of high order space: 4
h= 1.0
actual meshwidth range 0.999999999999998 0.999999999999998 

# DoFs of low order space: 4 , # DoFs of high order space: 25
[1.51432617]


h= 0.5
actual meshwidth range 0.43263752121901616 0.5600419876667321 

# DoFs of low order space: 9 , # DoFs of high order space: 81
[1.68510736]


h= 0.25
actual meshwidth range 0.18543008709714526 0.30673639895775445 

# DoFs of low order space: 26 , # DoFs of high order space: 305
[1.66144965]


h= 0.125
actual meshwidth range 0.0851139651875047 0.15162262780765884 

# DoFs of low order space: 89 , # DoFs of high order space: 1217
[1.63418908]


h= 0.0625
actual meshwidth range 0.04292982337891498 0.07505797015948051 

# DoFs of low order space: 338 , # DoFs of high order space: 5009
[1.62174259]


[[[0.76720499 0.62631158 0.65054296 0.67019518 0.67535671]
  [0.67792224 0.59568624 0.60511204 0.61529717 0.62017745]
  [0.66035972 0.593434   0.60188403 0.61192429 0.61662067]]]
=================== d=3, l=1 =======================
[1.     0.5    0.25   0.125  0.0625]
polynomal order of low order space: 1 , polynomal order of high order space: 2
h= 1.0
actual meshwidth range 0.999999999999998 0.999999999999998 

# DoFs of low order space: 5 , # DoFs of high order space: 14
[9.81632653]


h= 0.5
actual meshwidth range 0.43263752121901616 0.5600419876667321 

# DoFs of low order space: 16 , # DoFs of high order space: 48
[35.65115354]


h= 0.25
actual meshwidth range 0.18543008709714526 0.30673639895775445 

# DoFs of low order space: 59 , # DoFs of high order space: 186
[149.67925536]


h= 0.125
actual meshwidth range 0.0851139651875047 0.15162262780765884 

# DoFs of low order space: 232 , # DoFs of high order space: 752
[572.36461352]


h= 0.0625
actual meshwidth range 0.04292982337891498 0.07505797015948051 

# DoFs of low order space: 947 , # DoFs of high order space: 3114
[2209.04936189]


polynomal order of low order space: 1 , polynomal order of high order space: 3
h= 1.0
actual meshwidth range 0.999999999999998 0.999999999999998 

# DoFs of low order space: 5 , # DoFs of high order space: 27
[19.55080141]


h= 0.5
actual meshwidth range 0.43263752121901616 0.5600419876667321 

# DoFs of low order space: 16 , # DoFs of high order space: 96
[78.46826933]


h= 0.25
actual meshwidth range 0.18543008709714526 0.30673639895775445 

# DoFs of low order space: 59 , # DoFs of high order space: 381
[354.33467762]


h= 0.125
actual meshwidth range 0.0851139651875047 0.15162262780765884 

# DoFs of low order space: 232 , # DoFs of high order space: 1560
[1568.29970451]


h= 0.0625
actual meshwidth range 0.04292982337891498 0.07505797015948051 

# DoFs of low order space: 947 , # DoFs of high order space: 6501
[5921.99363431]


polynomal order of low order space: 1 , polynomal order of high order space: 4
h= 1.0
actual meshwidth range 0.999999999999998 0.999999999999998 

# DoFs of low order space: 5 , # DoFs of high order space: 44
[19.86791647]


h= 0.5
actual meshwidth range 0.43263752121901616 0.5600419876667321 

# DoFs of low order space: 16 , # DoFs of high order space: 160
[80.27924893]


h= 0.25
actual meshwidth range 0.18543008709714526 0.30673639895775445 

# DoFs of low order space: 59 , # DoFs of high order space: 644
[361.7765129]


h= 0.125
actual meshwidth range 0.0851139651875047 0.15162262780765884 

# DoFs of low order space: 232 , # DoFs of high order space: 2656
[1591.58660477]


h= 0.0625
actual meshwidth range 0.04292982337891498 0.07505797015948051 

# DoFs of low order space: 947 , # DoFs of high order space: 11108
[6025.54045389]


[[[0.1018711  0.02804958 0.00668095 0.00174714 0.00045268]
  [0.0511488  0.012744   0.00282219 0.00063763 0.00016886]
  [0.0503324  0.01245652 0.00276414 0.0006283  0.00016596]]]
=================== d=3, l=2 =======================
[1.     0.5    0.25   0.125  0.0625]
polynomal order of low order space: 0 , polynomal order of high order space: 1
h= 1.0
actual meshwidth range 0.999999999999998 0.999999999999998 

# DoFs of low order space: 5 , # DoFs of high order space: 14
[9.81632653]


h= 0.5
actual meshwidth range 0.43263752121901616 0.5600419876667321 

# DoFs of low order space: 16 , # DoFs of high order space: 48
[35.65115354]


h= 0.25
actual meshwidth range 0.18543008709714526 0.30673639895775445 

# DoFs of low order space: 59 , # DoFs of high order space: 186
[149.67925536]


h= 0.125
actual meshwidth range 0.0851139651875047 0.15162262780765884 

# DoFs of low order space: 232 , # DoFs of high order space: 752
[572.36461352]


h= 0.0625
actual meshwidth range 0.04292982337891498 0.07505797015948051 

# DoFs of low order space: 947 , # DoFs of high order space: 3114
[2209.04936189]


polynomal order of low order space: 0 , polynomal order of high order space: 2
h= 1.0
actual meshwidth range 0.999999999999998 0.999999999999998 

# DoFs of low order space: 5 , # DoFs of high order space: 27
[19.55080141]


h= 0.5
actual meshwidth range 0.43263752121901616 0.5600419876667321 

# DoFs of low order space: 16 , # DoFs of high order space: 96
[78.46826933]


h= 0.25
actual meshwidth range 0.18543008709714526 0.30673639895775445 

# DoFs of low order space: 59 , # DoFs of high order space: 381
[354.33467762]


h= 0.125
actual meshwidth range 0.0851139651875047 0.15162262780765884 

# DoFs of low order space: 232 , # DoFs of high order space: 1560
[1568.29970451]


h= 0.0625
actual meshwidth range 0.04292982337891498 0.07505797015948051 

# DoFs of low order space: 947 , # DoFs of high order space: 6501
[5921.99363431]


polynomal order of low order space: 0 , polynomal order of high order space: 3
h= 1.0
actual meshwidth range 0.999999999999998 0.999999999999998 

# DoFs of low order space: 5 , # DoFs of high order space: 44
[19.86791647]


h= 0.5
actual meshwidth range 0.43263752121901616 0.5600419876667321 

# DoFs of low order space: 16 , # DoFs of high order space: 160
[80.27924893]


h= 0.25
actual meshwidth range 0.18543008709714526 0.30673639895775445 

# DoFs of low order space: 59 , # DoFs of high order space: 644
[361.7765129]


h= 0.125
actual meshwidth range 0.0851139651875047 0.15162262780765884 

# DoFs of low order space: 232 , # DoFs of high order space: 2656
[1591.58660477]


h= 0.0625
actual meshwidth range 0.04292982337891498 0.07505797015948051 

# DoFs of low order space: 947 , # DoFs of high order space: 11108
[6025.54045389]


[[[0.1018711  0.02804958 0.00668095 0.00174714 0.00045268]
  [0.0511488  0.012744   0.00282219 0.00063763 0.00016886]
  [0.0503324  0.01245652 0.00276414 0.0006283  0.00016596]]]
