Defaulting to user installation because normal site-packages is not writeable
Requirement already satisfied: pip in /cluster/home/rschoenholze/.local/lib/python3.11/site-packages (24.3.1)
Defaulting to user installation because normal site-packages is not writeable
Requirement already satisfied: numpy in /cluster/home/rschoenholze/.local/lib/python3.11/site-packages (2.2.0)
Requirement already satisfied: scipy in /cluster/home/rschoenholze/.local/lib/python3.11/site-packages (1.14.1)
Requirement already satisfied: matplotlib in /cluster/home/rschoenholze/.local/lib/python3.11/site-packages (3.10.0)
Requirement already satisfied: ipyparallel in /cluster/home/rschoenholze/.local/lib/python3.11/site-packages (9.0.0)
Requirement already satisfied: scikit-build in /cluster/home/rschoenholze/.local/lib/python3.11/site-packages (0.18.1)
Requirement already satisfied: contourpy>=1.0.1 in /cluster/software/stacks/2024-06/spack/opt/spack/linux-ubuntu22.04-x86_64_v3/gcc-12.2.0/python-3.11.6-ukhwpjnwzzzizek3pgr75zkbhxros5fq/lib/python3.11/site-packages (from matplotlib) (1.2.1)
Requirement already satisfied: cycler>=0.10 in /cluster/software/stacks/2024-06/spack/opt/spack/linux-ubuntu22.04-x86_64_v3/gcc-12.2.0/python-3.11.6-ukhwpjnwzzzizek3pgr75zkbhxros5fq/lib/python3.11/site-packages (from matplotlib) (0.12.1)
Requirement already satisfied: fonttools>=4.22.0 in /cluster/software/stacks/2024-06/spack/opt/spack/linux-ubuntu22.04-x86_64_v3/gcc-12.2.0/python-3.11.6-ukhwpjnwzzzizek3pgr75zkbhxros5fq/lib/python3.11/site-packages (from matplotlib) (4.53.0)
Requirement already satisfied: kiwisolver>=1.3.1 in /cluster/software/stacks/2024-06/spack/opt/spack/linux-ubuntu22.04-x86_64_v3/gcc-12.2.0/python-3.11.6-ukhwpjnwzzzizek3pgr75zkbhxros5fq/lib/python3.11/site-packages (from matplotlib) (1.4.5)
Requirement already satisfied: packaging>=20.0 in /cluster/software/stacks/2024-06/spack/opt/spack/linux-ubuntu22.04-x86_64_v3/gcc-12.2.0/python-3.11.6-ukhwpjnwzzzizek3pgr75zkbhxros5fq/lib/python3.11/site-packages (from matplotlib) (24.1)
Requirement already satisfied: pillow>=8 in /cluster/software/stacks/2024-06/spack/opt/spack/linux-ubuntu22.04-x86_64_v3/gcc-12.2.0/python-3.11.6-ukhwpjnwzzzizek3pgr75zkbhxros5fq/lib/python3.11/site-packages (from matplotlib) (10.3.0)
Requirement already satisfied: pyparsing>=2.3.1 in /cluster/software/stacks/2024-06/spack/opt/spack/linux-ubuntu22.04-x86_64_v3/gcc-12.2.0/python-3.11.6-ukhwpjnwzzzizek3pgr75zkbhxros5fq/lib/python3.11/site-packages (from matplotlib) (3.1.2)
Requirement already satisfied: python-dateutil>=2.7 in /cluster/software/stacks/2024-06/spack/opt/spack/linux-ubuntu22.04-x86_64_v3/gcc-12.2.0/python-3.11.6-ukhwpjnwzzzizek3pgr75zkbhxros5fq/lib/python3.11/site-packages (from matplotlib) (2.9.0.post0)
Requirement already satisfied: decorator in /cluster/software/stacks/2024-06/spack/opt/spack/linux-ubuntu22.04-x86_64_v3/gcc-12.2.0/python-3.11.6-ukhwpjnwzzzizek3pgr75zkbhxros5fq/lib/python3.11/site-packages (from ipyparallel) (5.1.1)
Requirement already satisfied: ipykernel>=6.9.1 in /cluster/software/stacks/2024-06/spack/opt/spack/linux-ubuntu22.04-x86_64_v3/gcc-12.2.0/python-3.11.6-ukhwpjnwzzzizek3pgr75zkbhxros5fq/lib/python3.11/site-packages (from ipyparallel) (6.29.4)
Requirement already satisfied: ipython>=5 in /cluster/software/stacks/2024-06/spack/opt/spack/linux-ubuntu22.04-x86_64_v3/gcc-12.2.0/python-3.11.6-ukhwpjnwzzzizek3pgr75zkbhxros5fq/lib/python3.11/site-packages (from ipyparallel) (8.25.0)
Requirement already satisfied: jupyter-client>=7 in /cluster/software/stacks/2024-06/spack/opt/spack/linux-ubuntu22.04-x86_64_v3/gcc-12.2.0/python-3.11.6-ukhwpjnwzzzizek3pgr75zkbhxros5fq/lib/python3.11/site-packages (from ipyparallel) (7.4.9)
Requirement already satisfied: psutil in /cluster/software/stacks/2024-06/spack/opt/spack/linux-ubuntu22.04-x86_64_v3/gcc-12.2.0/python-3.11.6-ukhwpjnwzzzizek3pgr75zkbhxros5fq/lib/python3.11/site-packages (from ipyparallel) (6.0.0)
Requirement already satisfied: pyzmq>=25 in /cluster/software/stacks/2024-06/spack/opt/spack/linux-ubuntu22.04-x86_64_v3/gcc-12.2.0/python-3.11.6-ukhwpjnwzzzizek3pgr75zkbhxros5fq/lib/python3.11/site-packages (from ipyparallel) (26.0.3)
Requirement already satisfied: tornado>=6.1 in /cluster/software/stacks/2024-06/spack/opt/spack/linux-ubuntu22.04-x86_64_v3/gcc-12.2.0/python-3.11.6-ukhwpjnwzzzizek3pgr75zkbhxros5fq/lib/python3.11/site-packages (from ipyparallel) (6.4.1)
Requirement already satisfied: tqdm in /cluster/software/stacks/2024-06/spack/opt/spack/linux-ubuntu22.04-x86_64_v3/gcc-12.2.0/python-3.11.6-ukhwpjnwzzzizek3pgr75zkbhxros5fq/lib/python3.11/site-packages (from ipyparallel) (4.66.4)
Requirement already satisfied: traitlets>=5 in /cluster/software/stacks/2024-06/spack/opt/spack/linux-ubuntu22.04-x86_64_v3/gcc-12.2.0/python-3.11.6-ukhwpjnwzzzizek3pgr75zkbhxros5fq/lib/python3.11/site-packages (from ipyparallel) (5.14.3)
Requirement already satisfied: distro in /cluster/home/rschoenholze/.local/lib/python3.11/site-packages (from scikit-build) (1.9.0)
Requirement already satisfied: setuptools>=42.0.0 in /cluster/software/stacks/2024-06/spack/opt/spack/linux-ubuntu22.04-x86_64_v3/gcc-12.2.0/python-3.11.6-ukhwpjnwzzzizek3pgr75zkbhxros5fq/lib/python3.11/site-packages (from scikit-build) (65.5.0)
Requirement already satisfied: wheel>=0.32.0 in /cluster/software/stacks/2024-06/spack/opt/spack/linux-ubuntu22.04-x86_64_v3/gcc-12.2.0/python-3.11.6-ukhwpjnwzzzizek3pgr75zkbhxros5fq/lib/python3.11/site-packages (from scikit-build) (0.43.0)
Requirement already satisfied: comm>=0.1.1 in /cluster/software/stacks/2024-06/spack/opt/spack/linux-ubuntu22.04-x86_64_v3/gcc-12.2.0/python-3.11.6-ukhwpjnwzzzizek3pgr75zkbhxros5fq/lib/python3.11/site-packages (from ipykernel>=6.9.1->ipyparallel) (0.2.2)
Requirement already satisfied: debugpy>=1.6.5 in /cluster/software/stacks/2024-06/spack/opt/spack/linux-ubuntu22.04-x86_64_v3/gcc-12.2.0/python-3.11.6-ukhwpjnwzzzizek3pgr75zkbhxros5fq/lib/python3.11/site-packages (from ipykernel>=6.9.1->ipyparallel) (1.8.1)
Requirement already satisfied: jupyter-core!=5.0.*,>=4.12 in /cluster/software/stacks/2024-06/spack/opt/spack/linux-ubuntu22.04-x86_64_v3/gcc-12.2.0/python-3.11.6-ukhwpjnwzzzizek3pgr75zkbhxros5fq/lib/python3.11/site-packages (from ipykernel>=6.9.1->ipyparallel) (5.7.2)
Requirement already satisfied: matplotlib-inline>=0.1 in /cluster/software/stacks/2024-06/spack/opt/spack/linux-ubuntu22.04-x86_64_v3/gcc-12.2.0/python-3.11.6-ukhwpjnwzzzizek3pgr75zkbhxros5fq/lib/python3.11/site-packages (from ipykernel>=6.9.1->ipyparallel) (0.1.7)
Requirement already satisfied: nest-asyncio in /cluster/software/stacks/2024-06/spack/opt/spack/linux-ubuntu22.04-x86_64_v3/gcc-12.2.0/python-3.11.6-ukhwpjnwzzzizek3pgr75zkbhxros5fq/lib/python3.11/site-packages (from ipykernel>=6.9.1->ipyparallel) (1.6.0)
Requirement already satisfied: jedi>=0.16 in /cluster/software/stacks/2024-06/spack/opt/spack/linux-ubuntu22.04-x86_64_v3/gcc-12.2.0/python-3.11.6-ukhwpjnwzzzizek3pgr75zkbhxros5fq/lib/python3.11/site-packages (from ipython>=5->ipyparallel) (0.19.1)
Requirement already satisfied: prompt-toolkit<3.1.0,>=3.0.41 in /cluster/software/stacks/2024-06/spack/opt/spack/linux-ubuntu22.04-x86_64_v3/gcc-12.2.0/python-3.11.6-ukhwpjnwzzzizek3pgr75zkbhxros5fq/lib/python3.11/site-packages (from ipython>=5->ipyparallel) (3.0.47)
Requirement already satisfied: pygments>=2.4.0 in /cluster/software/stacks/2024-06/spack/opt/spack/linux-ubuntu22.04-x86_64_v3/gcc-12.2.0/python-3.11.6-ukhwpjnwzzzizek3pgr75zkbhxros5fq/lib/python3.11/site-packages (from ipython>=5->ipyparallel) (2.18.0)
Requirement already satisfied: stack-data in /cluster/software/stacks/2024-06/spack/opt/spack/linux-ubuntu22.04-x86_64_v3/gcc-12.2.0/python-3.11.6-ukhwpjnwzzzizek3pgr75zkbhxros5fq/lib/python3.11/site-packages (from ipython>=5->ipyparallel) (0.6.3)
Requirement already satisfied: typing-extensions>=4.6 in /cluster/software/stacks/2024-06/spack/opt/spack/linux-ubuntu22.04-x86_64_v3/gcc-12.2.0/python-3.11.6-ukhwpjnwzzzizek3pgr75zkbhxros5fq/lib/python3.11/site-packages (from ipython>=5->ipyparallel) (4.12.2)
Requirement already satisfied: pexpect>4.3 in /cluster/software/stacks/2024-06/spack/opt/spack/linux-ubuntu22.04-x86_64_v3/gcc-12.2.0/python-3.11.6-ukhwpjnwzzzizek3pgr75zkbhxros5fq/lib/python3.11/site-packages (from ipython>=5->ipyparallel) (4.9.0)
Requirement already satisfied: entrypoints in /cluster/software/stacks/2024-06/spack/opt/spack/linux-ubuntu22.04-x86_64_v3/gcc-12.2.0/python-3.11.6-ukhwpjnwzzzizek3pgr75zkbhxros5fq/lib/python3.11/site-packages (from jupyter-client>=7->ipyparallel) (0.4)
Requirement already satisfied: six>=1.5 in /cluster/software/stacks/2024-06/spack/opt/spack/linux-ubuntu22.04-x86_64_v3/gcc-12.2.0/python-3.11.6-ukhwpjnwzzzizek3pgr75zkbhxros5fq/lib/python3.11/site-packages (from python-dateutil>=2.7->matplotlib) (1.16.0)
Requirement already satisfied: parso<0.9.0,>=0.8.3 in /cluster/software/stacks/2024-06/spack/opt/spack/linux-ubuntu22.04-x86_64_v3/gcc-12.2.0/python-3.11.6-ukhwpjnwzzzizek3pgr75zkbhxros5fq/lib/python3.11/site-packages (from jedi>=0.16->ipython>=5->ipyparallel) (0.8.4)
Requirement already satisfied: platformdirs>=2.5 in /cluster/software/stacks/2024-06/spack/opt/spack/linux-ubuntu22.04-x86_64_v3/gcc-12.2.0/python-3.11.6-ukhwpjnwzzzizek3pgr75zkbhxros5fq/lib/python3.11/site-packages (from jupyter-core!=5.0.*,>=4.12->ipykernel>=6.9.1->ipyparallel) (4.2.2)
Requirement already satisfied: ptyprocess>=0.5 in /cluster/software/stacks/2024-06/spack/opt/spack/linux-ubuntu22.04-x86_64_v3/gcc-12.2.0/python-3.11.6-ukhwpjnwzzzizek3pgr75zkbhxros5fq/lib/python3.11/site-packages (from pexpect>4.3->ipython>=5->ipyparallel) (0.7.0)
Requirement already satisfied: wcwidth in /cluster/software/stacks/2024-06/spack/opt/spack/linux-ubuntu22.04-x86_64_v3/gcc-12.2.0/python-3.11.6-ukhwpjnwzzzizek3pgr75zkbhxros5fq/lib/python3.11/site-packages (from prompt-toolkit<3.1.0,>=3.0.41->ipython>=5->ipyparallel) (0.2.13)
Requirement already satisfied: executing>=1.2.0 in /cluster/software/stacks/2024-06/spack/opt/spack/linux-ubuntu22.04-x86_64_v3/gcc-12.2.0/python-3.11.6-ukhwpjnwzzzizek3pgr75zkbhxros5fq/lib/python3.11/site-packages (from stack-data->ipython>=5->ipyparallel) (2.0.1)
Requirement already satisfied: asttokens>=2.1.0 in /cluster/software/stacks/2024-06/spack/opt/spack/linux-ubuntu22.04-x86_64_v3/gcc-12.2.0/python-3.11.6-ukhwpjnwzzzizek3pgr75zkbhxros5fq/lib/python3.11/site-packages (from stack-data->ipython>=5->ipyparallel) (2.4.1)
Requirement already satisfied: pure-eval in /cluster/software/stacks/2024-06/spack/opt/spack/linux-ubuntu22.04-x86_64_v3/gcc-12.2.0/python-3.11.6-ukhwpjnwzzzizek3pgr75zkbhxros5fq/lib/python3.11/site-packages (from stack-data->ipython>=5->ipyparallel) (0.2.2)
Defaulting to user installation because normal site-packages is not writeable
Requirement already satisfied: ngsolve in /cluster/home/rschoenholze/.local/lib/python3.11/site-packages (6.2.2406)
Requirement already satisfied: netgen-mesher==6.2.2406 in /cluster/home/rschoenholze/.local/lib/python3.11/site-packages (from ngsolve) (6.2.2406)
Requirement already satisfied: mkl in /cluster/home/rschoenholze/.local/lib/python3.11/site-packages (from ngsolve) (2025.0.1)
Requirement already satisfied: netgen-occt==7.8.1 in /cluster/home/rschoenholze/.local/lib/python3.11/site-packages (from netgen-mesher==6.2.2406->ngsolve) (7.8.1)
Requirement already satisfied: intel-openmp>=2024 in /cluster/home/rschoenholze/.local/lib/python3.11/site-packages (from mkl->ngsolve) (2025.0.4)
Requirement already satisfied: tbb==2022.* in /cluster/home/rschoenholze/.local/lib/python3.11/site-packages (from mkl->ngsolve) (2022.0.0)
Requirement already satisfied: tcmlib==1.* in /cluster/home/rschoenholze/.local/lib/python3.11/site-packages (from tbb==2022.*->mkl->ngsolve) (1.2.0)
Requirement already satisfied: intel-cmplr-lib-ur==2025.0.4 in /cluster/home/rschoenholze/.local/lib/python3.11/site-packages (from intel-openmp>=2024->mkl->ngsolve) (2025.0.4)
Requirement already satisfied: umf==0.9.* in /cluster/home/rschoenholze/.local/lib/python3.11/site-packages (from intel-cmplr-lib-ur==2025.0.4->intel-openmp>=2024->mkl->ngsolve) (0.9.1)
=================== d=3, l=1 =======================
[1.     0.5    0.25   0.125  0.0625]
polynomal order of low order space: 1 , polynomal order of high order space: 2
h= 1.0 

# DoFs of low order space: 26 , # DoFs of high order space: 112
[30.84671162]


h= 0.5 

# DoFs of low order space: 154 , # DoFs of high order space: 740
[122.82654347]


h= 0.25 

# DoFs of low order space: 1052 , # DoFs of high order space: 5368
[488.59218705]


h= 0.125 

# DoFs of low order space: 7768 , # DoFs of high order space: 40880
[1951.65541212]


h= 0.0625 

# DoFs of low order space: 59696 , # DoFs of high order space: 319072
[7803.90847614]


polynomal order of low order space: 1 , polynomal order of high order space: 3
h= 1.0 

# DoFs of low order space: 26 , # DoFs of high order space: 294
[50.74273972]


h= 0.5 

# DoFs of low order space: 154 , # DoFs of high order space: 2046
[252.30478903]


h= 0.25 

# DoFs of low order space: 1052 , # DoFs of high order space: 15252
[1006.44286485]


h= 0.125 

# DoFs of low order space: 7768 , # DoFs of high order space: 117768
[4022.99488331]


h= 0.0625 

# DoFs of low order space: 59696 , # DoFs of high order space: 925584
[16089.20288541]


polynomal order of low order space: 1 , polynomal order of high order space: 4
h= 1.0 

# DoFs of low order space: 26 , # DoFs of high order space: 608
[54.70305934]


h= 0.5 

# DoFs of low order space: 154 , # DoFs of high order space: 4360
[268.53483295]


h= 0.25 

# DoFs of low order space: 1052 , # DoFs of high order space: 33008
[1071.31616572]


h= 0.125 

# DoFs of low order space: 7768 , # DoFs of high order space: 256864
[4282.44124642]


h= 0.0625 

# DoFs of low order space: 59696 , # DoFs of high order space: 2026688
[17126.9415062]


[[[3.24183664e-02 8.14156266e-03 2.04669667e-03 5.12385534e-04
   1.28140918e-04]
  [1.97072528e-02 3.96346024e-03 9.93598380e-04 2.48571035e-04
   6.21534831e-05]
  [1.82805132e-02 3.72391168e-03 9.33431261e-04 2.33511668e-04
   5.83875410e-05]]]
=================== d=3, l=2 =======================
[1.     0.5    0.25   0.125  0.0625]
polynomal order of low order space: 0 , polynomal order of high order space: 1
h= 1.0 

# DoFs of low order space: 30 , # DoFs of high order space: 126
[38.37230614]


h= 0.5 

# DoFs of low order space: 216 , # DoFs of high order space: 936
[166.66501761]


h= 0.25 

# DoFs of low order space: 1632 , # DoFs of high order space: 7200
[664.32878782]


h= 0.125 

# DoFs of low order space: 12672 , # DoFs of high order space: 56448
[2654.98473029]


h= 0.0625 

# DoFs of low order space: 99840 , # DoFs of high order space: 446976
[10617.60871588]


polynomal order of low order space: 0 , polynomal order of high order space: 2
h= 1.0 

# DoFs of low order space: 30 , # DoFs of high order space: 324
[70.21206592]


h= 0.5 

# DoFs of low order space: 216 , # DoFs of high order space: 2448
[304.5993509]


h= 0.25 

# DoFs of low order space: 1632 , # DoFs of high order space: 19008
[1215.92002948]


h= 0.125 

# DoFs of low order space: 12672 , # DoFs of high order space: 149760
[4861.20317641]


h= 0.0625 

# DoFs of low order space: 99840 , # DoFs of high order space: 1188864
[19442.33587241]


polynomal order of low order space: 0 , polynomal order of high order space: 3
h= 1.0 

# DoFs of low order space: 30 , # DoFs of high order space: 660
[76.83545143]


h= 0.5 

# DoFs of low order space: 216 , # DoFs of high order space: 5040
[334.94065476]


h= 0.25 

# DoFs of low order space: 1632 , # DoFs of high order space: 39360
[1337.22900479]


h= 0.125 

# DoFs of low order space: 12672 , # DoFs of high order space: 311040
[5346.38275699]


h= 0.0625 

# DoFs of low order space: 99840 , # DoFs of high order space: 2472960
[21382.99785388]


[[[2.60604613e-02 6.00005937e-03 1.50527874e-03 3.76650001e-04
   9.41831656e-05]
  [1.42425662e-02 3.28300109e-03 8.22422508e-04 2.05710390e-04
   5.14341490e-05]
  [1.30148256e-02 2.98560353e-03 7.47815069e-04 1.87042351e-04
   4.67661273e-05]]]
